
Solving Air Cargo Problem 1 using breadth_first_search...

Expansions   Goal Tests   New Nodes
    43          56         180    

Plan length: 6  Time elapsed in seconds: 0.02836744600062957
Load(C1, P1, SFO)
Load(C2, P2, JFK)
Fly(P2, JFK, SFO)
Unload(C2, P2, SFO)
Fly(P1, SFO, JFK)
Unload(C1, P1, JFK)

Solving Air Cargo Problem 1 using breadth_first_search done.\n

Solving Air Cargo Problem 1 using depth_first_graph_search...

Expansions   Goal Tests   New Nodes
    21          22          84    

Plan length: 20  Time elapsed in seconds: 0.012381959000776988
Fly(P1, SFO, JFK)
Fly(P2, JFK, SFO)
Load(C2, P1, JFK)
Fly(P1, JFK, SFO)
Fly(P2, SFO, JFK)
Unload(C2, P1, SFO)
Fly(P1, SFO, JFK)
Fly(P2, JFK, SFO)
Load(C2, P2, SFO)
Fly(P1, JFK, SFO)
Load(C1, P2, SFO)
Fly(P2, SFO, JFK)
Fly(P1, SFO, JFK)
Unload(C2, P2, JFK)
Unload(C1, P2, JFK)
Fly(P2, JFK, SFO)
Load(C2, P1, JFK)
Fly(P1, JFK, SFO)
Fly(P2, SFO, JFK)
Unload(C2, P1, SFO)

Solving Air Cargo Problem 1 using depth_first_graph_search done.\n

Solving Air Cargo Problem 1 using uniform_cost_search...

Expansions   Goal Tests   New Nodes
    55          57         224    

Plan length: 6  Time elapsed in seconds: 0.031695394001872046
Load(C1, P1, SFO)
Load(C2, P2, JFK)
Fly(P1, SFO, JFK)
Fly(P2, JFK, SFO)
Unload(C2, P2, SFO)
Unload(C1, P1, JFK)

Solving Air Cargo Problem 1 using uniform_cost_search done.\n

Solving Air Cargo Problem 2 using breadth_first_search...

Expansions   Goal Tests   New Nodes
   1855        2582       14801   

Plan length: 9  Time elapsed in seconds: 3.8321280630007095
Load(C1, P1, SFO)
Load(C2, P2, JFK)
Fly(P1, SFO, JFK)
Unload(C1, P1, JFK)
Fly(P2, JFK, ATL)
Load(C3, P2, ATL)
Fly(P2, ATL, SFO)
Unload(C2, P2, SFO)
Unload(C3, P2, SFO)

Solving Air Cargo Problem 2 using breadth_first_search done.\n

Solving Air Cargo Problem 2 using depth_first_graph_search...

Expansions   Goal Tests   New Nodes
   184         185         1143   

Plan length: 171  Time elapsed in seconds: 0.37208157799977926
Fly(P3, ATL, SFO)
Fly(P2, JFK, ATL)
Fly(P1, SFO, ATL)
Fly(P2, ATL, SFO)
Fly(P1, ATL, JFK)
Load(C2, P1, JFK)
Fly(P1, JFK, ATL)
Fly(P2, SFO, ATL)
Fly(P1, ATL, SFO)
Fly(P2, ATL, JFK)
Unload(C2, P1, SFO)
Fly(P2, JFK, SFO)
Fly(P1, SFO, ATL)
Fly(P2, SFO, ATL)
Fly(P1, ATL, JFK)
Load(C3, P2, ATL)
Fly(P2, ATL, JFK)
Fly(P1, JFK, ATL)
Fly(P2, JFK, SFO)
Fly(P1, ATL, SFO)
Unload(C3, P2, SFO)
Fly(P2, SFO, ATL)
Load(C3, P1, SFO)
Fly(P2, ATL, JFK)
Fly(P1, SFO, JFK)
Fly(P2, JFK, SFO)
Unload(C3, P1, JFK)
Fly(P1, JFK, ATL)
Fly(P2, SFO, ATL)
Fly(P1, ATL, SFO)
Fly(P2, ATL, JFK)
Load(C2, P1, SFO)
Fly(P2, JFK, SFO)
Fly(P1, SFO, ATL)
Fly(P2, SFO, ATL)
Fly(P1, ATL, JFK)
Unload(C2, P1, JFK)
Fly(P2, ATL, JFK)
Fly(P1, JFK, ATL)
Fly(P2, JFK, SFO)
Fly(P1, ATL, SFO)
Load(C1, P2, SFO)
Fly(P2, SFO, ATL)
Fly(P1, SFO, ATL)
Fly(P2, ATL, JFK)
Fly(P1, ATL, JFK)
Unload(C1, P2, JFK)
Fly(P2, JFK, ATL)
Load(C3, P1, JFK)
Fly(P2, ATL, SFO)
Fly(P1, JFK, ATL)
Fly(P2, SFO, JFK)
Fly(P1, ATL, SFO)
Unload(C3, P1, SFO)
Fly(P2, JFK, ATL)
Fly(P1, SFO, ATL)
Fly(P2, ATL, SFO)
Fly(P1, ATL, JFK)
Load(C3, P2, SFO)
Fly(P1, JFK, SFO)
Fly(P2, SFO, ATL)
Fly(P1, SFO, ATL)
Fly(P2, ATL, JFK)
Load(C2, P2, JFK)
Fly(P1, ATL, JFK)
Fly(P2, JFK, ATL)
Fly(P1, JFK, SFO)
Fly(P2, ATL, SFO)
Unload(C3, P2, SFO)
Fly(P2, SFO, ATL)
Fly(P1, SFO, ATL)
Fly(P2, ATL, JFK)
Fly(P1, ATL, JFK)
Load(C1, P2, JFK)
Fly(P2, JFK, ATL)
Fly(P1, JFK, ATL)
Fly(P2, ATL, SFO)
Fly(P1, ATL, SFO)
Load(C3, P2, SFO)
Fly(P2, SFO, ATL)
Fly(P1, SFO, ATL)
Unload(C3, P2, ATL)
Fly(P2, ATL, JFK)
Fly(P1, ATL, JFK)
Fly(P2, JFK, SFO)
Unload(C2, P2, SFO)
Fly(P2, SFO, ATL)
Fly(P1, JFK, ATL)
Fly(P2, ATL, JFK)
Fly(P1, ATL, SFO)
Unload(C1, P2, JFK)
Fly(P2, JFK, ATL)
Fly(P1, SFO, ATL)
Fly(P2, ATL, SFO)
Fly(P1, ATL, JFK)
Load(C2, P2, SFO)
Fly(P1, JFK, SFO)
Fly(P2, SFO, JFK)
Unload(C2, P2, JFK)
Fly(P2, JFK, SFO)
Fly(P1, SFO, JFK)
Fly(P2, SFO, ATL)
Load(C2, P1, JFK)
Fly(P2, ATL, JFK)
Fly(P1, JFK, ATL)
Fly(P2, JFK, SFO)
Unload(C2, P1, ATL)
Fly(P1, ATL, JFK)
Fly(P2, SFO, ATL)
Fly(P1, JFK, SFO)
Fly(P2, ATL, JFK)
Load(C1, P2, JFK)
Fly(P2, JFK, ATL)
Fly(P1, SFO, JFK)
Fly(P2, ATL, SFO)
Fly(P1, JFK, ATL)
Load(C3, P1, ATL)
Fly(P1, ATL, JFK)
Fly(P2, SFO, ATL)
Fly(P1, JFK, SFO)
Fly(P2, ATL, JFK)
Unload(C3, P1, SFO)
Fly(P2, JFK, SFO)
Fly(P1, SFO, ATL)
Unload(C1, P2, SFO)
Fly(P1, ATL, JFK)
Fly(P2, SFO, ATL)
Fly(P1, JFK, SFO)
Fly(P2, ATL, JFK)
Load(C3, P1, SFO)
Fly(P2, JFK, SFO)
Load(C1, P1, SFO)
Fly(P2, SFO, ATL)
Fly(P1, SFO, ATL)
Fly(P2, ATL, JFK)
Fly(P1, ATL, JFK)
Unload(C3, P1, JFK)
Fly(P2, JFK, ATL)
Fly(P1, JFK, ATL)
Fly(P2, ATL, SFO)
Fly(P1, ATL, SFO)
Unload(C1, P1, SFO)
Fly(P2, SFO, ATL)
Fly(P1, SFO, JFK)
Fly(P2, ATL, JFK)
Fly(P1, JFK, ATL)
Load(C3, P2, JFK)
Fly(P1, ATL, SFO)
Fly(P2, JFK, ATL)
Fly(P1, SFO, JFK)
Unload(C3, P2, ATL)
Fly(P2, ATL, JFK)
Fly(P1, JFK, SFO)
Fly(P2, JFK, SFO)
Load(C1, P1, SFO)
Fly(P2, SFO, ATL)
Load(C2, P2, ATL)
Fly(P2, ATL, JFK)
Fly(P1, SFO, ATL)
Fly(P2, JFK, SFO)
Unload(C2, P2, SFO)
Fly(P2, SFO, ATL)
Fly(P1, ATL, JFK)
Load(C3, P2, ATL)
Fly(P2, ATL, JFK)
Fly(P1, JFK, ATL)
Fly(P2, JFK, SFO)
Unload(C3, P2, SFO)
Fly(P1, ATL, JFK)
Fly(P2, SFO, ATL)
Unload(C1, P1, JFK)

Solving Air Cargo Problem 2 using depth_first_graph_search done.\n

Solving Air Cargo Problem 2 using uniform_cost_search...

Expansions   Goal Tests   New Nodes
   2724        2726       21377   

Plan length: 9  Time elapsed in seconds: 5.406688597002358
Load(C1, P1, SFO)
Load(C2, P2, JFK)
Fly(P2, JFK, ATL)
Load(C3, P2, ATL)
Fly(P1, SFO, JFK)
Fly(P2, ATL, SFO)
Unload(C3, P2, SFO)
Unload(C2, P2, SFO)
Unload(C1, P1, JFK)

Solving Air Cargo Problem 2 using uniform_cost_search done.\n

Solving Air Cargo Problem 3 using breadth_first_search...

Expansions   Goal Tests   New Nodes
  14120       17673       124926  

Plan length: 12  Time elapsed in seconds: 37.369196736999584
Load(C1, P1, SFO)
Load(C2, P2, JFK)
Fly(P1, SFO, ATL)
Load(C3, P1, ATL)
Fly(P2, JFK, ORD)
Load(C4, P2, ORD)
Fly(P1, ATL, JFK)
Unload(C1, P1, JFK)
Unload(C3, P1, JFK)
Fly(P2, ORD, SFO)
Unload(C2, P2, SFO)
Unload(C4, P2, SFO)

Solving Air Cargo Problem 3 using breadth_first_search done.\n

Solving Air Cargo Problem 3 using uniform_cost_search...

Expansions   Goal Tests   New Nodes
  18223       18225       159618  

Plan length: 12  Time elapsed in seconds: 45.46208985699923
Load(C1, P1, SFO)
Load(C2, P2, JFK)
Fly(P1, SFO, ATL)
Load(C3, P1, ATL)
Fly(P2, JFK, ORD)
Load(C4, P2, ORD)
Fly(P2, ORD, SFO)
Fly(P1, ATL, JFK)
Unload(C4, P2, SFO)
Unload(C3, P1, JFK)
Unload(C2, P2, SFO)
Unload(C1, P1, JFK)

Solving Air Cargo Problem 3 using uniform_cost_search done.\n

Solving Air Cargo Problem 3 using depth_first_graph_search...

Expansions   Goal Tests   New Nodes
   292         293         2388   

Plan length: 288  Time elapsed in seconds: 1.081901221001317
Fly(P2, JFK, ORD)
Fly(P1, SFO, ORD)
Fly(P2, ORD, ATL)
Fly(P1, ORD, ATL)
Fly(P2, ATL, SFO)
Fly(P1, ATL, JFK)
Load(C2, P1, JFK)
Fly(P1, JFK, ORD)
Fly(P2, SFO, ORD)
Fly(P1, ORD, ATL)
Fly(P2, ORD, ATL)
Fly(P1, ATL, SFO)
Fly(P2, ATL, JFK)
Unload(C2, P1, SFO)
Fly(P2, JFK, ORD)
Fly(P1, SFO, ORD)
Fly(P2, ORD, ATL)
Fly(P1, ORD, ATL)
Fly(P2, ATL, SFO)
Fly(P1, ATL, JFK)
Load(C2, P2, SFO)
Fly(P1, JFK, ORD)
Fly(P2, SFO, ORD)
Fly(P1, ORD, ATL)
Fly(P2, ORD, ATL)
Fly(P1, ATL, SFO)
Unload(C2, P2, ATL)
Fly(P2, ATL, ORD)
Fly(P1, SFO, ORD)
Fly(P2, ORD, JFK)
Fly(P1, ORD, ATL)
Fly(P2, JFK, SFO)
Fly(P1, ATL, JFK)
Load(C1, P2, SFO)
Fly(P1, JFK, ORD)
Fly(P2, SFO, ORD)
Fly(P1, ORD, ATL)
Fly(P2, ORD, ATL)
Fly(P1, ATL, SFO)
Fly(P2, ATL, JFK)
Unload(C1, P2, JFK)
Fly(P2, JFK, ORD)
Fly(P1, SFO, ORD)
Fly(P2, ORD, ATL)
Fly(P1, ORD, ATL)
Fly(P2, ATL, SFO)
Fly(P1, ATL, JFK)
Load(C1, P1, JFK)
Fly(P1, JFK, ORD)
Fly(P2, SFO, ORD)
Fly(P1, ORD, ATL)
Fly(P2, ORD, ATL)
Load(C3, P2, ATL)
Fly(P2, ATL, ORD)
Fly(P1, ATL, ORD)
Fly(P2, ORD, JFK)
Fly(P1, ORD, JFK)
Fly(P2, JFK, SFO)
Fly(P1, JFK, SFO)
Unload(C3, P2, SFO)
Fly(P2, SFO, ORD)
Fly(P1, SFO, ORD)
Fly(P2, ORD, ATL)
Fly(P1, ORD, ATL)
Fly(P2, ATL, JFK)
Fly(P1, ATL, JFK)
Unload(C1, P1, JFK)
Fly(P2, JFK, ORD)
Fly(P1, JFK, ORD)
Fly(P2, ORD, ATL)
Fly(P1, ORD, ATL)
Fly(P2, ATL, SFO)
Fly(P1, ATL, SFO)
Load(C3, P2, SFO)
Fly(P2, SFO, ORD)
Fly(P1, SFO, ORD)
Fly(P2, ORD, JFK)
Fly(P1, ORD, ATL)
Unload(C3, P2, JFK)
Fly(P1, ATL, JFK)
Fly(P2, JFK, ORD)
Fly(P1, JFK, ORD)
Fly(P2, ORD, ATL)
Fly(P1, ORD, SFO)
Load(C2, P2, ATL)
Fly(P2, ATL, ORD)
Fly(P1, SFO, ORD)
Fly(P2, ORD, JFK)
Fly(P1, ORD, ATL)
Fly(P2, JFK, SFO)
Fly(P1, ATL, JFK)
Unload(C2, P2, SFO)
Fly(P1, JFK, ORD)
Fly(P2, SFO, ORD)
Fly(P1, ORD, ATL)
Fly(P2, ORD, ATL)
Fly(P1, ATL, SFO)
Fly(P2, ATL, JFK)
Load(C3, P2, JFK)
Fly(P2, JFK, ORD)
Fly(P1, SFO, ORD)
Fly(P2, ORD, ATL)
Fly(P1, ORD, ATL)
Fly(P2, ATL, SFO)
Fly(P1, ATL, JFK)
Unload(C3, P2, SFO)
Fly(P1, JFK, ORD)
Fly(P2, SFO, ORD)
Fly(P1, ORD, ATL)
Fly(P2, ORD, ATL)
Fly(P1, ATL, SFO)
Fly(P2, ATL, JFK)
Load(C3, P1, SFO)
Fly(P2, JFK, ORD)
Fly(P1, SFO, ORD)
Fly(P2, ORD, ATL)
Fly(P1, ORD, ATL)
Fly(P2, ATL, SFO)
Unload(C3, P1, ATL)
Fly(P1, ATL, ORD)
Fly(P2, SFO, ORD)
Fly(P1, ORD, JFK)
Fly(P2, ORD, ATL)
Fly(P1, JFK, SFO)
Fly(P2, ATL, JFK)
Load(C2, P1, SFO)
Fly(P2, JFK, ORD)
Fly(P1, SFO, ORD)
Fly(P2, ORD, ATL)
Fly(P1, ORD, JFK)
Fly(P2, ATL, SFO)
Unload(C2, P1, JFK)
Fly(P1, JFK, ORD)
Fly(P2, SFO, ORD)
Fly(P1, ORD, ATL)
Fly(P2, ORD, ATL)
Fly(P1, ATL, SFO)
Fly(P2, ATL, JFK)
Load(C2, P2, JFK)
Fly(P2, JFK, ORD)
Fly(P1, SFO, ORD)
Load(C4, P2, ORD)
Fly(P2, ORD, ATL)
Fly(P1, ORD, ATL)
Fly(P2, ATL, JFK)
Fly(P1, ATL, JFK)
Fly(P2, JFK, SFO)
Fly(P1, JFK, SFO)
Unload(C4, P2, SFO)
Fly(P2, SFO, ORD)
Fly(P1, SFO, ORD)
Fly(P2, ORD, ATL)
Fly(P1, ORD, ATL)
Fly(P2, ATL, JFK)
Fly(P1, ATL, JFK)
Unload(C2, P2, JFK)
Fly(P2, JFK, ORD)
Fly(P1, JFK, ORD)
Fly(P2, ORD, ATL)
Fly(P1, ORD, ATL)
Fly(P2, ATL, SFO)
Fly(P1, ATL, SFO)
Load(C4, P2, SFO)
Fly(P2, SFO, ORD)
Fly(P1, SFO, JFK)
Fly(P2, ORD, ATL)
Fly(P1, JFK, ORD)
Fly(P2, ATL, JFK)
Unload(C4, P2, JFK)
Fly(P1, ORD, ATL)
Fly(P2, JFK, ORD)
Fly(P1, ATL, JFK)
Fly(P2, ORD, ATL)
Fly(P1, JFK, SFO)
Load(C3, P2, ATL)
Fly(P2, ATL, ORD)
Fly(P1, SFO, ORD)
Fly(P2, ORD, JFK)
Fly(P1, ORD, ATL)
Fly(P2, JFK, SFO)
Fly(P1, ATL, JFK)
Unload(C3, P2, SFO)
Fly(P1, JFK, ORD)
Fly(P2, SFO, ORD)
Fly(P1, ORD, ATL)
Fly(P2, ORD, ATL)
Fly(P1, ATL, SFO)
Fly(P2, ATL, JFK)
Load(C4, P2, JFK)
Fly(P2, JFK, ORD)
Fly(P1, SFO, ORD)
Fly(P2, ORD, ATL)
Fly(P1, ORD, ATL)
Fly(P2, ATL, SFO)
Fly(P1, ATL, JFK)
Unload(C4, P2, SFO)
Fly(P1, JFK, ORD)
Fly(P2, SFO, ORD)
Fly(P1, ORD, ATL)
Fly(P2, ORD, ATL)
Fly(P1, ATL, SFO)
Fly(P2, ATL, JFK)
Load(C4, P1, SFO)
Fly(P2, JFK, ORD)
Fly(P1, SFO, ORD)
Fly(P2, ORD, ATL)
Fly(P1, ORD, ATL)
Fly(P2, ATL, SFO)
Unload(C4, P1, ATL)
Fly(P1, ATL, ORD)
Fly(P2, SFO, ORD)
Fly(P1, ORD, JFK)
Fly(P2, ORD, ATL)
Fly(P1, JFK, SFO)
Fly(P2, ATL, JFK)
Load(C3, P1, SFO)
Fly(P2, JFK, ORD)
Fly(P1, SFO, ORD)
Fly(P2, ORD, ATL)
Fly(P1, ORD, ATL)
Fly(P2, ATL, SFO)
Fly(P1, ATL, JFK)
Unload(C3, P1, JFK)
Fly(P1, JFK, ORD)
Fly(P2, SFO, ORD)
Fly(P1, ORD, ATL)
Fly(P2, ORD, ATL)
Fly(P1, ATL, SFO)
Fly(P2, ATL, JFK)
Load(C3, P2, JFK)
Fly(P2, JFK, ORD)
Fly(P1, SFO, ORD)
Fly(P2, ORD, ATL)
Fly(P1, ORD, ATL)
Load(C4, P2, ATL)
Fly(P2, ATL, ORD)
Fly(P1, ATL, ORD)
Fly(P2, ORD, SFO)
Fly(P1, ORD, SFO)
Fly(P2, SFO, JFK)
Fly(P1, SFO, JFK)
Unload(C3, P2, JFK)
Fly(P2, JFK, ORD)
Fly(P1, JFK, ORD)
Fly(P2, ORD, SFO)
Fly(P1, ORD, ATL)
Unload(C4, P2, SFO)
Fly(P1, ATL, JFK)
Fly(P2, SFO, ORD)
Fly(P1, JFK, ORD)
Fly(P2, ORD, ATL)
Fly(P1, ORD, SFO)
Fly(P2, ATL, JFK)
Load(C4, P1, SFO)
Fly(P2, JFK, ORD)
Fly(P1, SFO, ORD)
Fly(P2, ORD, ATL)
Fly(P1, ORD, JFK)
Fly(P2, ATL, SFO)
Unload(C4, P1, JFK)
Fly(P1, JFK, ORD)
Fly(P2, SFO, ORD)
Fly(P1, ORD, ATL)
Fly(P2, ORD, ATL)
Fly(P1, ATL, SFO)
Fly(P2, ATL, JFK)
Load(C2, P2, JFK)
Fly(P2, JFK, ORD)
Fly(P1, SFO, ORD)
Fly(P2, ORD, ATL)
Fly(P1, ORD, ATL)
Fly(P2, ATL, SFO)
Fly(P1, ATL, JFK)
Unload(C2, P2, SFO)
Fly(P1, JFK, ORD)
Fly(P2, SFO, ORD)
Fly(P1, ORD, ATL)
Fly(P2, ORD, ATL)
Fly(P1, ATL, SFO)
Fly(P2, ATL, JFK)
Load(C4, P2, JFK)
Fly(P2, JFK, ORD)
Fly(P1, SFO, JFK)
Fly(P2, ORD, ATL)
Fly(P1, JFK, ORD)
Fly(P2, ATL, SFO)
Fly(P1, ORD, ATL)
Unload(C4, P2, SFO)

Solving Air Cargo Problem 3 using depth_first_graph_search done.\n
