
Solving Air Cargo Problem 1 using astar_search with h_1...

Expansions   Goal Tests   New Nodes
    55          57         224    

Plan length: 6  Time elapsed in seconds: 0.03299163699921337
Load(C1, P1, SFO)
Load(C2, P2, JFK)
Fly(P1, SFO, JFK)
Fly(P2, JFK, SFO)
Unload(C2, P2, SFO)
Unload(C1, P1, JFK)

Solving Air Cargo Problem 1 using astar_search with h_1 heuristic done.

Solving Air Cargo Problem 1 using astar_search with h_ignore_preconditions...

Expansions   Goal Tests   New Nodes
    41          43         170    

Plan length: 6  Time elapsed in seconds: 0.032514672999241157
Load(C2, P2, JFK)
Fly(P2, JFK, SFO)
Unload(C2, P2, SFO)
Load(C1, P1, SFO)
Fly(P1, SFO, JFK)
Unload(C1, P1, JFK)

Solving Air Cargo Problem 1 using astar_search with h_ignore_preconditions' done.

Solving Air Cargo Problem 1 using astar_search with h_pg_levelsum...

Expansions   Goal Tests   New Nodes
    11          13          50    

Plan length: 6  Time elapsed in seconds: 0.5446788930003095
Load(C1, P1, SFO)
Fly(P1, SFO, JFK)
Load(C2, P2, JFK)
Fly(P2, JFK, SFO)
Unload(C2, P2, SFO)
Unload(C1, P1, JFK)

Solving Air Cargo Problem 1 using astar_search with h_pg_levelsum done.

Solving Air Cargo Problem 2 using astar_search with h_1...

Expansions   Goal Tests   New Nodes
   2724        2726       21377   

Plan length: 9  Time elapsed in seconds: 5.936134458001106
Load(C1, P1, SFO)
Load(C2, P2, JFK)
Fly(P2, JFK, ATL)
Load(C3, P2, ATL)
Fly(P1, SFO, JFK)
Fly(P2, ATL, SFO)
Unload(C3, P2, SFO)
Unload(C2, P2, SFO)
Unload(C1, P1, JFK)

Solving Air Cargo Problem 2 using astar_search with h_1 heuristic done.

Solving Air Cargo Problem 2 using astar_search with h_ignore_preconditions...

Expansions   Goal Tests   New Nodes
   876         878         7199   

Plan length: 9  Time elapsed in seconds: 2.2289619559996936
Load(C2, P2, JFK)
Fly(P2, JFK, ATL)
Load(C3, P2, ATL)
Fly(P2, ATL, SFO)
Unload(C3, P2, SFO)
Unload(C2, P2, SFO)
Load(C1, P1, SFO)
Fly(P1, SFO, JFK)
Unload(C1, P1, JFK)

Solving Air Cargo Problem 2 using astar_search with h_ignore_preconditions' done.

Solving Air Cargo Problem 2 using astar_search with h_pg_levelsum...

Expansions   Goal Tests   New Nodes
   238         240         1911   

Plan length: 9  Time elapsed in seconds: 57.28261181400012
Load(C2, P2, JFK)
Fly(P2, JFK, ATL)
Load(C3, P2, ATL)
Fly(P2, ATL, SFO)
Load(C1, P1, SFO)
Fly(P1, SFO, JFK)
Unload(C3, P2, SFO)
Unload(C2, P2, SFO)
Unload(C1, P1, JFK)

Solving Air Cargo Problem 2 using astar_search with h_pg_levelsum done.

Solving Air Cargo Problem 3 using astar_search with h_1...

Expansions   Goal Tests   New Nodes
  18223       18225       159618  

Plan length: 12  Time elapsed in seconds: 49.81260813600056
Load(C1, P1, SFO)
Load(C2, P2, JFK)
Fly(P1, SFO, ATL)
Load(C3, P1, ATL)
Fly(P2, JFK, ORD)
Load(C4, P2, ORD)
Fly(P2, ORD, SFO)
Fly(P1, ATL, JFK)
Unload(C4, P2, SFO)
Unload(C3, P1, JFK)
Unload(C2, P2, SFO)
Unload(C1, P1, JFK)

Solving Air Cargo Problem 3 using astar_search with h_1 heuristic done.

Solving Air Cargo Problem 3 using astar_search with h_ignore_preconditions...

Expansions   Goal Tests   New Nodes
   5040        5042       44944   

Plan length: 12  Time elapsed in seconds: 15.602849180999328
Load(C2, P2, JFK)
Fly(P2, JFK, ORD)
Load(C4, P2, ORD)
Fly(P2, ORD, SFO)
Unload(C4, P2, SFO)
Load(C1, P1, SFO)
Fly(P1, SFO, ATL)
Load(C3, P1, ATL)
Fly(P1, ATL, JFK)
Unload(C3, P1, JFK)
Unload(C2, P2, SFO)
Unload(C1, P1, JFK)

Solving Air Cargo Problem 3 using astar_search with h_ignore_preconditions' done.

Solving Air Cargo Problem 3 using astar_search with h_pg_levelsum...

Expansions   Goal Tests   New Nodes
   325         327         3002   

Plan length: 12  Time elapsed in seconds: 241.81400961599866
Load(C2, P2, JFK)
Fly(P2, JFK, ORD)
Load(C4, P2, ORD)
Fly(P2, ORD, SFO)
Load(C1, P1, SFO)
Fly(P1, SFO, ATL)
Load(C3, P1, ATL)
Fly(P1, ATL, JFK)
Unload(C4, P2, SFO)
Unload(C3, P1, JFK)
Unload(C2, P2, SFO)
Unload(C1, P1, JFK)

Solving Air Cargo Problem 3 using astar_search with h_pg_levelsum done.
